<?xml version="1.0" encoding="UTF-8"?>
<testsuite name="com.example.ATM.service.PasswordGeneratorTest" tests="1" skipped="0" failures="0" errors="0" timestamp="2020-10-20T09:41:48" hostname="Grzegorz" time="0.031">
  <properties/>
  <testcase name="doesGenerateRightNumbers()" classname="com.example.ATM.service.PasswordGeneratorTest" time="0.031"/>
  <system-out><![CDATA[]]></system-out>
  <system-err><![CDATA[]]></system-err>
</testsuite>
